<?xml version="1.0" encoding="UTF-8"?>
<!-- Generated by org.testng.reporters.JUnitReportReporter -->
<testsuite hostname="LAPTOP-CD8JOBST" failures="0" tests="1" name="com.crm.VTiger.TestCases.Facebook_Login" time="29.837" errors="0" timestamp="06 May 2022 04:59:36 GMT" skipped="0">
  <testcase classname="com.crm.VTiger.TestCases.Facebook_Login" name="Facebook_Login" time="29.837"/>
</testsuite> <!-- com.crm.VTiger.TestCases.Facebook_Login -->
