<?xml version="1.0" encoding="UTF-8"?>
<!-- Generated by org.testng.reporters.JUnitReportReporter -->
<testsuite hostname="LAPTOP-CD8JOBST" failures="0" tests="1" name="com.crm.VTiger.TestCases.VTiger_Login" time="32.710" errors="0" timestamp="06 May 2022 04:54:47 GMT" skipped="0">
  <testcase classname="com.crm.VTiger.TestCases.VTiger_Login" name="VTiger_Login" time="32.710"/>
</testsuite> <!-- com.crm.VTiger.TestCases.VTiger_Login -->
